Determining if the pthread_create exist failed with the following output:
Change Dir: /home/quochuylv304/001_Concurrency_Programming/003_Reader_Writer/build/CMakeFiles/CMakeTmp

Run Build Command:"/usr/bin/make" "cmTC_df4ba/fast"
/usr/bin/make -f CMakeFiles/cmTC_df4ba.dir/build.make CMakeFiles/cmTC_df4ba.dir/build
make[1]: Entering directory '/home/quochuylv304/001_Concurrency_Programming/003_Reader_Writer/build/CMakeFiles/CMakeTmp'
Building C object CMakeFiles/cmTC_df4ba.dir/CheckSymbolExists.c.o
/usr/bin/cc    -o CMakeFiles/cmTC_df4ba.dir/CheckSymbolExists.c.o   -c /home/quochuylv304/001_Concurrency_Programming/003_Reader_Writer/build/CMakeFiles/CMakeTmp/CheckSymbolExists.c
Linking C executable cmTC_df4ba
/usr/bin/cmake -E cmake_link_script CMakeFiles/cmTC_df4ba.dir/link.txt --verbose=1
/usr/bin/cc      -rdynamic CMakeFiles/cmTC_df4ba.dir/CheckSymbolExists.c.o  -o cmTC_df4ba 
CMakeFiles/cmTC_df4ba.dir/CheckSymbolExists.c.o: In function `main':
CheckSymbolExists.c:(.text+0x1b): undefined reference to `pthread_create'
collect2: error: ld returned 1 exit status
CMakeFiles/cmTC_df4ba.dir/build.make:97: recipe for target 'cmTC_df4ba' failed
make[1]: *** [cmTC_df4ba] Error 1
make[1]: Leaving directory '/home/quochuylv304/001_Concurrency_Programming/003_Reader_Writer/build/CMakeFiles/CMakeTmp'
Makefile:126: recipe for target 'cmTC_df4ba/fast' failed
make: *** [cmTC_df4ba/fast] Error 2

File /home/quochuylv304/001_Concurrency_Programming/003_Reader_Writer/build/CMakeFiles/CMakeTmp/CheckSymbolExists.c:
/* */
#include <pthread.h>

int main(int argc, char** argv)
{
  (void)argv;
#ifndef pthread_create
  return ((int*)(&pthread_create))[argc];
#else
  (void)argc;
  return 0;
#endif
}

Determining if the function pthread_create exists in the pthreads failed with the following output:
Change Dir: /home/quochuylv304/001_Concurrency_Programming/003_Reader_Writer/build/CMakeFiles/CMakeTmp

Run Build Command:"/usr/bin/make" "cmTC_cfcc0/fast"
/usr/bin/make -f CMakeFiles/cmTC_cfcc0.dir/build.make CMakeFiles/cmTC_cfcc0.dir/build
make[1]: Entering directory '/home/quochuylv304/001_Concurrency_Programming/003_Reader_Writer/build/CMakeFiles/CMakeTmp'
Building C object CMakeFiles/cmTC_cfcc0.dir/CheckFunctionExists.c.o
/usr/bin/cc   -DCHECK_FUNCTION_EXISTS=pthread_create   -o CMakeFiles/cmTC_cfcc0.dir/CheckFunctionExists.c.o   -c /usr/share/cmake-3.10/Modules/CheckFunctionExists.c
Linking C executable cmTC_cfcc0
/usr/bin/cmake -E cmake_link_script CMakeFiles/cmTC_cfcc0.dir/link.txt --verbose=1
/usr/bin/cc  -DCHECK_FUNCTION_EXISTS=pthread_create    -rdynamic CMakeFiles/cmTC_cfcc0.dir/CheckFunctionExists.c.o  -o cmTC_cfcc0 -lpthreads 
/usr/bin/ld: cannot find -lpthreads
collect2: error: ld returned 1 exit status
CMakeFiles/cmTC_cfcc0.dir/build.make:97: recipe for target 'cmTC_cfcc0' failed
make[1]: *** [cmTC_cfcc0] Error 1
make[1]: Leaving directory '/home/quochuylv304/001_Concurrency_Programming/003_Reader_Writer/build/CMakeFiles/CMakeTmp'
Makefile:126: recipe for target 'cmTC_cfcc0/fast' failed
make: *** [cmTC_cfcc0/fast] Error 2


