Determining if the pthread_create exist failed with the following output:
Change Dir: /home/quochuylv304/001_Concurrency_Programming/002_Print_Zero_Odd_Even/build/CMakeFiles/CMakeTmp

Run Build Command:"/usr/bin/make" "cmTC_a0d9f/fast"
/usr/bin/make -f CMakeFiles/cmTC_a0d9f.dir/build.make CMakeFiles/cmTC_a0d9f.dir/build
make[1]: Entering directory '/home/quochuylv304/001_Concurrency_Programming/002_Print_Zero_Odd_Even/build/CMakeFiles/CMakeTmp'
Building C object CMakeFiles/cmTC_a0d9f.dir/CheckSymbolExists.c.o
/usr/bin/cc    -o CMakeFiles/cmTC_a0d9f.dir/CheckSymbolExists.c.o   -c /home/quochuylv304/001_Concurrency_Programming/002_Print_Zero_Odd_Even/build/CMakeFiles/CMakeTmp/CheckSymbolExists.c
Linking C executable cmTC_a0d9f
/usr/bin/cmake -E cmake_link_script CMakeFiles/cmTC_a0d9f.dir/link.txt --verbose=1
/usr/bin/cc      -rdynamic CMakeFiles/cmTC_a0d9f.dir/CheckSymbolExists.c.o  -o cmTC_a0d9f 
CMakeFiles/cmTC_a0d9f.dir/CheckSymbolExists.c.o: In function `main':
CheckSymbolExists.c:(.text+0x1b): undefined reference to `pthread_create'
collect2: error: ld returned 1 exit status
CMakeFiles/cmTC_a0d9f.dir/build.make:97: recipe for target 'cmTC_a0d9f' failed
make[1]: *** [cmTC_a0d9f] Error 1
make[1]: Leaving directory '/home/quochuylv304/001_Concurrency_Programming/002_Print_Zero_Odd_Even/build/CMakeFiles/CMakeTmp'
Makefile:126: recipe for target 'cmTC_a0d9f/fast' failed
make: *** [cmTC_a0d9f/fast] Error 2

File /home/quochuylv304/001_Concurrency_Programming/002_Print_Zero_Odd_Even/build/CMakeFiles/CMakeTmp/CheckSymbolExists.c:
/* */
#include <pthread.h>

int main(int argc, char** argv)
{
  (void)argv;
#ifndef pthread_create
  return ((int*)(&pthread_create))[argc];
#else
  (void)argc;
  return 0;
#endif
}

Determining if the function pthread_create exists in the pthreads failed with the following output:
Change Dir: /home/quochuylv304/001_Concurrency_Programming/002_Print_Zero_Odd_Even/build/CMakeFiles/CMakeTmp

Run Build Command:"/usr/bin/make" "cmTC_f3a9b/fast"
/usr/bin/make -f CMakeFiles/cmTC_f3a9b.dir/build.make CMakeFiles/cmTC_f3a9b.dir/build
make[1]: Entering directory '/home/quochuylv304/001_Concurrency_Programming/002_Print_Zero_Odd_Even/build/CMakeFiles/CMakeTmp'
Building C object CMakeFiles/cmTC_f3a9b.dir/CheckFunctionExists.c.o
/usr/bin/cc   -DCHECK_FUNCTION_EXISTS=pthread_create   -o CMakeFiles/cmTC_f3a9b.dir/CheckFunctionExists.c.o   -c /usr/share/cmake-3.10/Modules/CheckFunctionExists.c
Linking C executable cmTC_f3a9b
/usr/bin/cmake -E cmake_link_script CMakeFiles/cmTC_f3a9b.dir/link.txt --verbose=1
/usr/bin/cc  -DCHECK_FUNCTION_EXISTS=pthread_create    -rdynamic CMakeFiles/cmTC_f3a9b.dir/CheckFunctionExists.c.o  -o cmTC_f3a9b -lpthreads 
/usr/bin/ld: cannot find -lpthreads
collect2: error: ld returned 1 exit status
CMakeFiles/cmTC_f3a9b.dir/build.make:97: recipe for target 'cmTC_f3a9b' failed
make[1]: *** [cmTC_f3a9b] Error 1
make[1]: Leaving directory '/home/quochuylv304/001_Concurrency_Programming/002_Print_Zero_Odd_Even/build/CMakeFiles/CMakeTmp'
Makefile:126: recipe for target 'cmTC_f3a9b/fast' failed
make: *** [cmTC_f3a9b/fast] Error 2


